build/app/intermediates/proguard-rules/release/aapt_rules.txt
# Referenced at merged_manifests/release/AndroidManifest.xml:22
-keep class androidx.core.app.CoreComponentFactory { <init>(); }
# Referenced at merged_manifests/release/AndroidManifest.xml:48
-keep class androidx.core.content.FileProvider { <init>(); }
# Referenced at merged_manifests/release/AndroidManifest.xml:27
-keep class com.example.rend.MainActivity { <init>(); }
# Referenced at merged_manifests/release/AndroidManifest.xml:22
-keep class io.flutter.app.FlutterApplication { <init>(); }