build/app/outputs/mapping/release/mapping.txt
# compiler: R8
# compiler_version: 1.5.64
# min_api: 19
# pg_map_id: 99e8087
com.example.rend.MainActivity -> com.example.rend.MainActivity:
    void configureFlutterEngine(io.flutter.embedding.engine.FlutterEngine) -> b
...
android.support.v4.media.session.MediaControllerCompat$MediaControllerImplApi21$ExtraBinderRequestResultReceiver -> android.support.v4.media.session.MediaControllerCompat$MediaControllerImplApi21$ExtraBinderRequestResultReceiver:
    java.lang.ref.WeakReference mMediaControllerImpl -> a
android.support.v4.media.session.MediaControllerCompat$MediaControllerImplApi21$ExtraCallback -> android.support.v4.media.session.MediaControllerCompat$MediaControllerImplApi21$a:
    void onExtrasChanged(android.os.Bundle) -> a
    void onMetadataChanged(android.support.v4.media.MediaMetadataCompat) -> a
    void onQueueChanged(java.util.List) -> a
    void onQueueTitleChanged(java.lang.CharSequence) -> a
    void onSessionDestroyed() -> a
    void onVolumeInfoChanged(android.support.v4.media.session.ParcelableVolumeInfo) -> a
android.support.v4.media.session.MediaControllerCompat$PlaybackInfo -> android.support.v4.media.session.e:
android.support.v4.media.session.MediaSessionCompat -> android.support.v4.media.session.MediaSessionCompat:
    void ensureClassLoader(android.os.Bundle) -> a
android.support.v4.media.session.MediaSessionCompat$QueueItem -> android.support.v4.media.session.MediaSessionCompat$QueueItem:
    android.support.v4.media.MediaDescriptionCompat mDescription -> a
    long mId -> b
    android.support.v4.media.session.MediaSessionCompat$QueueItem fromQueueItem(java.lang.Object) -> a
    java.util.List fromQueueItemList(java.util.List) -> a
android.support.v4.media.session.MediaSessionCompat$QueueItem$1 -> android.support.v4.media.session.MediaSessionCompat$QueueItem$a:
android.support.v4.media.session.MediaSessionCompat$ResultReceiverWrapper -> android.support.v4.media.session.MediaSessionCompat$ResultReceiverWrapper:
    android.os.ResultReceiver mResultReceiver -> a
android.support.v4.media.session.MediaSessionCompat$ResultReceiverWrapper$1 -> android.support.v4.media.session.MediaSessionCompat$ResultReceiverWrapper$a:
android.support.v4.media.session.MediaSessionCompat$Token -> android.support.v4.media.session.MediaSessionCompat$Token:
    android.support.v4.media.session.IMediaSession mExtraBinder -> b
    java.lang.Object mInner -> a
    android.support.v4.media.session.IMediaSession getExtraBinder() -> a
    void setExtraBinder(android.support.v4.media.session.IMediaSession) -> a
    void setSession2Token(androidx.versionedparcelable.VersionedParcelable) -> a
    java.lang.Object getToken() -> b
android.support.v4.media.session.MediaSessionCompat$Token$1 -> android.support.v4.media.session.MediaSessionCompat$Token$a:
android.support.v4.media.session.ParcelableVolumeInfo -> android.support.v4.media.session.ParcelableVolumeInfo:
    int maxVolume -> d
    int currentVolume -> e
    int audioStream -> b
    int controlType -> c
    int volumeType -> a
android.support.v4.media.session.ParcelableVolumeInfo$1 -> android.support.v4.media.session.ParcelableVolumeInfo$a:
android.support.v4.media.session.PlaybackStateCompat -> android.support.v4.media.session.PlaybackStateCompat:
    long mActiveItemId -> j
    long mActions -> e
    long mUpdateTime -> h
    long mPosition -> b
    float mSpeed -> d
    int mErrorCode -> f
    java.util.List mCustomActions -> i
    long mBufferedPosition -> c
    java.lang.CharSequence mErrorMessage -> g
    android.os.Bundle mExtras -> k
    int mState -> a
    android.support.v4.media.session.PlaybackStateCompat fromPlaybackState(java.lang.Object) -> a
android.support.v4.media.session.PlaybackStateCompat$1 -> android.support.v4.media.session.PlaybackStateCompat$a:
android.support.v4.media.session.PlaybackStateCompat$CustomAction -> android.support.v4.media.session.PlaybackStateCompat$CustomAction:
    java.lang.CharSequence mName -> b
    android.os.Bundle mExtras -> d
    java.lang.String mAction -> a
    int mIcon -> c
    android.support.v4.media.session.PlaybackStateCompat$CustomAction fromCustomAction(java.lang.Object) -> a